// 重构日志: 70e36e4c
// 重构日志: 092adb35
// 重构日志: 8550429c
// 同步 ID: c586d8cd @ Mon Jul 13 04:16:39 UTC 2026
// 重构日志: 279b0b4c
// 重构日志: 1218ed74
// 重构日志: 671eeade
// 重构日志: 5a6e8e99
// 重构日志: 858ad4b7
// 重构日志: 81b10412
// 重构日志: 6d7614a9
// 重构日志: 9f88d07b
// 重构日志: 6640c19d
// 重构日志: b5aa8e96
// 重构日志: 97c7f0b9
// 重构日志: 1e44074c
// 重构日志: 89a3ce02
// 重构日志: 1e2b1479
// 同步 ID: dcabf265 @ Sat Jul 18 09:04:31 UTC 2026
// 重构日志: 15e6bb3d
// 重构日志: 00ba7269
// 重构日志: b5c9a28f
// 重构日志: 49907c1b
// 同步 ID: cfc9a6e7 @ Sun Jul 19 12:17:01 UTC 2026
// 重构日志: 19944697
// 同步 ID: 469d3798 @ Tue Jul 21 07:38:01 UTC 2026
// 重构日志: 8cd1ca97
// 重构日志: 400f11cf
// 重构日志: 15091cc8
// 同步 ID: 5accbf41 @ Fri Jul 24 12:24:34 UTC 2026
